Arguments: 
  /Users/nick/.nvm/versions/node/v16.10.0/bin/node /usr/local/Cellar/yarn/1.22.17_2/libexec/bin/yarn.js init svelte app

PATH: 
  /Users/nick/.nvm/versions/node/v16.10.0/bin:/Users/nick/Library/Python/3.8/bin:/usr/local/Cellar/ruby/3.0.2_1/bin:/usr/local/sbin:/Library/Frameworks/Python.framework/Versions/3.8/bin:/usr/local/bin:/usr/bin:/bin:/usr/sbin:/sbin:/Applications/VMware Fusion.app/Contents/Public:/Library/TeX/texbin:/Library/Apple/usr/bin:/opt/anaconda3/bin:/opt/anaconda3/condabin:/Users/nick/.nvm/versions/node/v16.10.0/bin:/Users/nick/Library/Python/3.8/bin:/usr/local/Cellar/ruby/3.0.2_1/bin:/usr/local/sbin:/Library/Frameworks/Python.framework/Versions/3.8/bin:/Users/nick/.cargo/bin:/usr/local/bin

Yarn version: 
  1.22.17

Node version: 
  16.10.0

Platform: 
  darwin x64

Trace: 
  Error: canceled
      at Interface.<anonymous> (/usr/local/Cellar/yarn/1.22.17_2/libexec/lib/cli.js:137143:13)
      at Interface.emit (node:events:390:28)
      at Interface._ttyWrite (node:readline:1081:16)
      at ReadStream.onkeypress (node:readline:288:10)
      at ReadStream.emit (node:events:390:28)
      at emitKeys (node:internal/readline/utils:358:14)
      at emitKeys.next (<anonymous>)
      at ReadStream.onData (node:internal/readline/emitKeypressEvents:61:36)
      at ReadStream.emit (node:events:390:28)
      at addChunk (node:internal/streams/readable:315:12)

npm manifest: 
  No manifest

yarn manifest: 
  No manifest

Lockfile: 
  No lockfile
